<?xml version="1.0" encoding="UTF-8"?>
<testng-results skipped="0" failed="0" ignored="0" total="1" passed="1">
  <reporter-output>
    <line>
      <![CDATA[The Method that is going to execute is::verifyKindleItems]]>
    </line>
    <line>
      <![CDATA[The Method ::verifyKindleItemsis Passed Successfully]]>
    </line>
  </reporter-output>
  <suite name="Suite" duration-ms="61994" started-at="2019-01-09T04:15:35Z" finished-at="2019-01-09T04:16:37Z">
    <groups>
      <group name="SmokeTest">
        <method signature="ShopByCategoryTestCases.verifyKindleItems()[pri:0, instance:com.appium.demo.rbc.appiumrbcdemo.tests.ShopByCategoryTestCases@794cb805]" name="verifyKindleItems" class="com.appium.demo.rbc.appiumrbcdemo.tests.ShopByCategoryTestCases"/>
      </group> <!-- SmokeTest -->
    </groups>
    <test name="Test" duration-ms="61994" started-at="2019-01-09T04:15:35Z" finished-at="2019-01-09T04:16:37Z">
      <class name="com.appium.demo.rbc.appiumrbcdemo.tests.ShopByCategoryTestCases">
        <test-method status="PASS" signature="setup(org.testng.ITestContext)[pri:0, instance:com.appium.demo.rbc.appiumrbcdemo.tests.ShopByCategoryTestCases@794cb805]" name="setup" is-config="true" duration-ms="80" started-at="2019-01-09T04:15:34Z" finished-at="2019-01-09T04:15:35Z">
          <params>
            <param index="0">
              <value>
                <![CDATA[org.testng.TestRunner@b40bb6e]]>
              </value>
            </param>
          </params>
          <reporter-output>
          </reporter-output>
        </test-method> <!-- setup -->
        <test-method status="PASS" signature="beforeTest(java.lang.String, java.lang.String, java.lang.String)[pri:0, instance:com.appium.demo.rbc.appiumrbcdemo.tests.ShopByCategoryTestCases@794cb805]" name="beforeTest" is-config="true" duration-ms="20351" started-at="2019-01-09T04:15:35Z" finished-at="2019-01-09T04:15:55Z">
          <params>
            <param index="0">
              <value>
                <![CDATA[android]]>
              </value>
            </param>
            <param index="1">
              <value>
                <![CDATA[c75c06ff]]>
              </value>
            </param>
            <param index="2">
              <value>
                <![CDATA[7.1.1]]>
              </value>
            </param>
          </params>
          <reporter-output>
          </reporter-output>
        </test-method> <!-- beforeTest -->
        <test-method status="PASS" signature="setUp(java.lang.reflect.Method)[pri:0, instance:com.appium.demo.rbc.appiumrbcdemo.tests.ShopByCategoryTestCases@794cb805]" name="setUp" is-config="true" duration-ms="230" started-at="2019-01-09T04:15:55Z" finished-at="2019-01-09T04:15:55Z">
          <params>
            <param index="0">
              <value>
                <![CDATA[public void com.appium.demo.rbc.appiumrbcdemo.tests.ShopByCategoryTestCases.verifyKindleItems()]]>
              </value>
            </param>
          </params>
          <reporter-output>
            <line>
              <![CDATA[The Method that is going to execute is::verifyKindleItems]]>
            </line>
          </reporter-output>
        </test-method> <!-- setUp -->
        <test-method status="PASS" signature="verifyKindleItems()[pri:0, instance:com.appium.demo.rbc.appiumrbcdemo.tests.ShopByCategoryTestCases@794cb805]" name="verifyKindleItems" duration-ms="34903" started-at="2019-01-09T04:15:55Z" finished-at="2019-01-09T04:16:30Z">
          <reporter-output>
          </reporter-output>
        </test-method> <!-- verifyKindleItems -->
        <test-method status="PASS" signature="TestResultAfterTestMethod(org.testng.ITestResult, java.lang.reflect.Method)[pri:0, instance:com.appium.demo.rbc.appiumrbcdemo.tests.ShopByCategoryTestCases@794cb805]" name="TestResultAfterTestMethod" is-config="true" duration-ms="1" started-at="2019-01-09T04:16:30Z" finished-at="2019-01-09T04:16:30Z">
          <params>
            <param index="0">
              <value>
                <![CDATA[[TestResult name=verifyKindleItems status=SUCCESS method=ShopByCategoryTestCases.verifyKindleItems()[pri:0, instance:com.appium.demo.rbc.appiumrbcdemo.tests.ShopByCategoryTestCases@794cb805] output={null}]]]>
              </value>
            </param>
            <param index="1">
              <value>
                <![CDATA[public void com.appium.demo.rbc.appiumrbcdemo.tests.ShopByCategoryTestCases.verifyKindleItems()]]>
              </value>
            </param>
          </params>
          <reporter-output>
            <line>
              <![CDATA[The Method ::verifyKindleItemsis Passed Successfully]]>
            </line>
          </reporter-output>
        </test-method> <!-- TestResultAfterTestMethod -->
        <test-method status="PASS" signature="End()[pri:0, instance:com.appium.demo.rbc.appiumrbcdemo.tests.ShopByCategoryTestCases@794cb805]" name="End" is-config="true" duration-ms="6388" started-at="2019-01-09T04:16:30Z" finished-at="2019-01-09T04:16:37Z">
          <reporter-output>
          </reporter-output>
        </test-method> <!-- End -->
      </class> <!-- com.appium.demo.rbc.appiumrbcdemo.tests.ShopByCategoryTestCases -->
    </test> <!-- Test -->
  </suite> <!-- Suite -->
</testng-results>
